Mplus VERSION 8
MUTHEN & MUTHEN
01/09/2019   1:18 PM

INPUT INSTRUCTIONS

  TITLE: Your title goes here

  DATA: FILE = "approx_bayes rep91 z1.dat";

  VARIABLE:

  NAMES = Y1 Y2 Y3 Y4 Xcom1 W1 W2 W3 W4 W5 W6 W7 W8 W9 W10 W11 W12 W13 W14 W15 W16 W17
       W18 W19 W20 W21 W22 W23 W24 W25;

  MISSING=.;

  USEV = Y1-Xcom1;

  CLASSES = c(3);

  WEIGHT = W9;

  ANALYSIS:

  TYPE = mixture;

  ESTIMATOR = mlr;

  STARTS = 20 8;

  MODEL:

  %OVERALL%
  Xcom1 WITH Y1*;

  Xcom1 WITH Y2*;

  Xcom1 WITH Y3*;

  Xcom1 WITH Y4*;

  %c#1%
  Xcom1 WITH Y1*;

  Xcom1 WITH Y2*;

  Xcom1 WITH Y3*;

  Xcom1 WITH Y4*;

  %c#2%
  Xcom1 WITH Y1*;

  Xcom1 WITH Y2*;

  Xcom1 WITH Y3*;

  Xcom1 WITH Y4*;

  %c#3%
  Xcom1 WITH Y1*;

  Xcom1 WITH Y2*;

  Xcom1 WITH Y3*;

  Xcom1 WITH Y4*;

  OUTPUT:




INPUT READING TERMINATED NORMALLY



Your title goes here

SUMMARY OF ANALYSIS

Number of groups                                                 1
Number of observations                                         300

Number of dependent variables                                    5
Number of independent variables                                  0
Number of continuous latent variables                            0
Number of categorical latent variables                           1

Observed dependent variables

  Continuous
   Y1          Y2          Y3          Y4          XCOM1

Categorical latent variables
   C

Variables with special functions

  Weight variable       W9

Estimator                                                      MLR
Information matrix                                        OBSERVED
Optimization Specifications for the Quasi-Newton Algorithm for
Continuous Outcomes
  Maximum number of iterations                                 100
  Convergence criterion                                  0.100D-05
Optimization Specifications for the EM Algorithm
  Maximum number of iterations                                 500
  Convergence criteria
    Loglikelihood change                                 0.100D-06
    Relative loglikelihood change                        0.100D-06
    Derivative                                           0.100D-05
Optimization Specifications for the M step of the EM Algorithm for
Categorical Latent variables
  Number of M step iterations                                    1
  M step convergence criterion                           0.100D-05
  Basis for M step termination                           ITERATION
Optimization Specifications for the M step of the EM Algorithm for
Censored, Binary or Ordered Categorical (Ordinal), Unordered
Categorical (Nominal) and Count Outcomes
  Number of M step iterations                                    1
  M step convergence criterion                           0.100D-05
  Basis for M step termination                           ITERATION
  Maximum value for logit thresholds                            15
  Minimum value for logit thresholds                           -15
  Minimum expected cell size for chi-square              0.100D-01
Maximum number of iterations for H1                           2000
Convergence criterion for H1                             0.100D-03
Optimization algorithm                                         EMA
Random Starts Specifications
  Number of initial stage random starts                         20
  Number of final stage optimizations                            8
  Number of initial stage iterations                            10
  Initial stage convergence criterion                    0.100D+01
  Random starts scale                                    0.500D+01
  Random seed for generating random starts                       0

Input data file(s)
  approx_bayes rep91 z1.dat
Input data format  FREE


SUMMARY OF DATA

     Number of missing data patterns            15
     Number of y missing data patterns          15
     Number of u missing data patterns           0


COVARIANCE COVERAGE OF DATA

Minimum covariance coverage value   0.100


     PROPORTION OF DATA PRESENT FOR Y


           Covariance Coverage
              Y1            Y2            Y3            Y4            XCOM1
              ________      ________      ________      ________      ________
 Y1             0.743
 Y2             0.590         0.717
 Y3             0.610         0.597         0.743
 Y4             0.603         0.597         0.600         0.753
 XCOM1          0.743         0.717         0.743         0.753         1.000



UNIVARIATE SAMPLE STATISTICS


     UNIVARIATE HIGHER-ORDER MOMENT DESCRIPTIVE STATISTICS

         Variable/         Mean/     Skewness/   Minimum/ % with                Percentiles
        Sample Size      Variance    Kurtosis    Maximum  Min/Max      20%/60%    40%/80%    Median

     Y1                    0.976      -0.299      -2.504    0.45%       0.136      0.835      1.179
             223.000       1.469      -0.232       5.040    0.45%       1.406      2.239
     Y2                    1.335       0.279      -2.092    0.47%       0.049      0.970      1.293
             215.000       2.186      -0.401       5.374    0.47%       1.637      2.439
     Y3                    0.287      -0.126      -2.696    0.45%      -0.526      0.175      0.387
             223.000       0.951       0.051       3.322    0.45%       0.593      1.172
     Y4                    0.650       0.456      -2.550    0.44%      -0.518      0.252      0.593
             226.000       2.193      -0.333       4.684    0.44%       1.063      2.050
     XCOM1                -0.059       0.170      -2.455    0.33%      -0.919     -0.304      0.014
             300.000       1.264      -0.284       3.362    0.33%       0.247      0.849

RANDOM STARTS RESULTS RANKED FROM THE BEST TO THE WORST LOGLIKELIHOOD VALUES

4 perturbed starting value run(s) did not converge in the initial stage
optimizations.

Final stage loglikelihood values at local maxima, seeds, and initial stage start numbers:

           -1732.108  637345           19
           -1732.108  533738           11
           -1732.108  285380           1
           -1732.108  903420           5
           -1732.108  76974            16
           -1747.780  68985            17
           -1758.651  93468            3

1 perturbed starting value run(s) did not converge.



THE BEST LOGLIKELIHOOD VALUE HAS BEEN REPLICATED.  RERUN WITH AT LEAST TWICE THE
RANDOM STARTS TO CHECK THAT THE BEST LOGLIKELIHOOD IS STILL OBTAINED AND REPLICATED.


THE MODEL ESTIMATION TERMINATED NORMALLY



MODEL FIT INFORMATION

Number of Free Parameters                       34

Loglikelihood

          H0 Value                       -1732.108
          H0 Scaling Correction Factor      1.4763
            for MLR

Information Criteria

          Akaike (AIC)                    3532.216
          Bayesian (BIC)                  3658.144
          Sample-Size Adjusted BIC        3550.316
            (n* = (n + 2) / 24)



FINAL CLASS COUNTS AND PROPORTIONS FOR THE LATENT CLASSES
BASED ON THE ESTIMATED MODEL

    Latent
   Classes

       1         86.20864          0.28736
       2        123.45792          0.41153
       3         90.33344          0.30111


FINAL CLASS COUNTS AND PROPORTIONS FOR THE LATENT CLASSES
BASED ON ESTIMATED POSTERIOR PROBABILITIES

    Latent
   Classes

       1         86.20863          0.28736
       2        123.45792          0.41153
       3         90.33345          0.30111


FINAL CLASS COUNTS AND PROPORTIONS FOR THE LATENT CLASSES
BASED ON THEIR MOST LIKELY LATENT CLASS MEMBERSHIP

Class Counts and Proportions

    Latent
   Classes

       1               83          0.27689
       2              137          0.45649
       3               80          0.26662


CLASSIFICATION QUALITY

     Entropy                         0.722


Average Latent Class Probabilities for Most Likely Latent Class Membership (Row)
by Latent Class (Column)

           1        2        3

    1   0.877    0.069    0.053
    2   0.080    0.827    0.093
    3   0.030    0.055    0.914


Classification Probabilities for the Most Likely Latent Class Membership (Column)
by Latent Class (Row)

           1        2        3

    1   0.845    0.126    0.028
    2   0.046    0.918    0.036
    3   0.049    0.141    0.810


Logits for the Classification Probabilities for the Most Likely Latent Class Membership (Column)
by Latent Class (Row)

              1        2        3

    1      3.404    1.504    0.000
    2      0.258    3.241    0.000
    3     -2.802   -1.746    0.000


MODEL RESULTS

                                                    Two-Tailed
                    Estimate       S.E.  Est./S.E.    P-Value

Latent Class 1

 XCOM1    WITH
    Y1                 0.368      0.082      4.455      0.000
    Y2                 0.371      0.123      3.011      0.003
    Y3                 0.421      0.079      5.357      0.000
    Y4                 0.431      0.097      4.441      0.000

 Means
    Y1                 1.565      0.147     10.669      0.000
    Y2                 0.848      0.115      7.358      0.000
    Y3                 0.472      0.152      3.096      0.002
    Y4                 2.458      0.148     16.588      0.000
    XCOM1             -0.192      0.153     -1.259      0.208

 Variances
    Y1                 0.917      0.104      8.814      0.000
    Y2                 0.874      0.127      6.896      0.000
    Y3                 0.904      0.107      8.440      0.000
    Y4                 0.871      0.097      9.017      0.000
    XCOM1              1.076      0.105     10.292      0.000

Latent Class 2

 XCOM1    WITH
    Y1                 0.408      0.087      4.681      0.000
    Y2                 0.439      0.093      4.723      0.000
    Y3                 0.413      0.092      4.491      0.000
    Y4                 0.486      0.082      5.952      0.000

 Means
    Y1                -0.049      0.180     -0.273      0.785
    Y2                -0.087      0.167     -0.520      0.603
    Y3                -0.021      0.148     -0.139      0.889
    Y4                -0.066      0.159     -0.416      0.677
    XCOM1             -0.458      0.135     -3.392      0.001

 Variances
    Y1                 0.917      0.104      8.814      0.000
    Y2                 0.874      0.127      6.896      0.000
    Y3                 0.904      0.107      8.440      0.000
    Y4                 0.871      0.097      9.017      0.000
    XCOM1              1.076      0.105     10.292      0.000

Latent Class 3

 XCOM1    WITH
    Y1                 0.345      0.103      3.353      0.001
    Y2                 0.506      0.119      4.233      0.000
    Y3                 0.377      0.088      4.269      0.000
    Y4                 0.421      0.104      4.059      0.000

 Means
    Y1                 1.391      0.160      8.696      0.000
    Y2                 2.670      0.203     13.184      0.000
    Y3                 0.244      0.185      1.316      0.188
    Y4                -0.205      0.142     -1.441      0.150
    XCOM1              0.616      0.222      2.778      0.005

 Variances
    Y1                 0.917      0.104      8.814      0.000
    Y2                 0.874      0.127      6.896      0.000
    Y3                 0.904      0.107      8.440      0.000
    Y4                 0.871      0.097      9.017      0.000
    XCOM1              1.076      0.105     10.292      0.000

Categorical Latent Variables

 Means
    C#1               -0.047      0.253     -0.184      0.854
    C#2                0.312      0.255      1.226      0.220


QUALITY OF NUMERICAL RESULTS

     Condition Number for the Information Matrix              0.346E-02
       (ratio of smallest to largest eigenvalue)


     Beginning Time:  13:18:38
        Ending Time:  13:18:39
       Elapsed Time:  00:00:01



MUTHEN & MUTHEN
3463 Stoner Ave.
Los Angeles, CA  90066

Tel: (310) 391-9971
Fax: (310) 391-8971
Web: www.StatModel.com
Support: Support@StatModel.com

Copyright (c) 1998-2017 Muthen & Muthen
