Mplus VERSION 8
MUTHEN & MUTHEN
10/02/2018   6:35 PM

INPUT INSTRUCTIONS

  TITLE: Code for Naive FMM model for data condition z=1


  DATA:
  FILE = dfcom p1 z1 rep1.dat;


  VARIABLE:
  NAMES = Y1 Y2 Y3  Xcom1 subpop;
  USEV = Y1 Y2 Y3;
  AUXILIARY = subpop;
  CLASSES = c(3);
  MISSING = .;


  ANALYSIS:
  TYPE = MIXTURE;
  Estimator = ML;
  INFORMATION = obs;
  STARTS = 20 8;


  MODEL:
  %OVERALL%
  [c#1*];
  [c#2*];
  Y1 Y2 Y3;

   %c#1%
  [Y1*];
  [Y2*];
  [Y3*];
  Y1*1;
  Y2*;
  Y3*;
  Y1 WITH Y2@0;
  Y1 WITH Y3@0;
  Y2 WITH Y3@0;

   %c#2%
  [Y1*];
  [Y2*];
  [Y3*];
  Y1*1;
  Y2*;
  Y3*;
  Y1 WITH Y2@0;
  Y1 WITH Y3@0;
  Y2 WITH Y3@0;

   %c#3%
  [Y1*];
  [Y2*];
  [Y3*];
  Y1*1;
  Y2*;
  Y3*;
  Y1 WITH Y2@0;
  Y1 WITH Y3@0;
  Y2 WITH Y3@0;


  OUTPUT:
  tech1;
  svalues;


  SAVEDATA:
  FILE = cprob dfcom p1 z1 rep1.dat;
  SAVE = cprob;
  FORMAT = F10.6;



*** WARNING in MODEL command
  All variables are uncorrelated with all other variables within class.
  Check that this is what is intended.
   1 WARNING(S) FOUND IN THE INPUT INSTRUCTIONS



Code for Naive FMM model for data condition z=1

SUMMARY OF ANALYSIS

Number of groups                                                 1
Number of observations                                        2000

Number of dependent variables                                    3
Number of independent variables                                  0
Number of continuous latent variables                            0
Number of categorical latent variables                           1

Observed dependent variables

  Continuous
   Y1          Y2          Y3

Observed auxiliary variables
   SUBPOP

Categorical latent variables
   C


Estimator                                                       ML
Information matrix                                        OBSERVED
Optimization Specifications for the Quasi-Newton Algorithm for
Continuous Outcomes
  Maximum number of iterations                                 100
  Convergence criterion                                  0.100D-05
Optimization Specifications for the EM Algorithm
  Maximum number of iterations                                 500
  Convergence criteria
    Loglikelihood change                                 0.100D-06
    Relative loglikelihood change                        0.100D-06
    Derivative                                           0.100D-05
Optimization Specifications for the M step of the EM Algorithm for
Categorical Latent variables
  Number of M step iterations                                    1
  M step convergence criterion                           0.100D-05
  Basis for M step termination                           ITERATION
Optimization Specifications for the M step of the EM Algorithm for
Censored, Binary or Ordered Categorical (Ordinal), Unordered
Categorical (Nominal) and Count Outcomes
  Number of M step iterations                                    1
  M step convergence criterion                           0.100D-05
  Basis for M step termination                           ITERATION
  Maximum value for logit thresholds                            15
  Minimum value for logit thresholds                           -15
  Minimum expected cell size for chi-square              0.100D-01
Maximum number of iterations for H1                           2000
Convergence criterion for H1                             0.100D-03
Optimization algorithm                                         EMA
Random Starts Specifications
  Number of initial stage random starts                         20
  Number of final stage optimizations                            8
  Number of initial stage iterations                            10
  Initial stage convergence criterion                    0.100D+01
  Random starts scale                                    0.500D+01
  Random seed for generating random starts                       0

Input data file(s)
  dfcom p1 z1 rep1.dat
Input data format  FREE


SUMMARY OF DATA

     Number of missing data patterns             1
     Number of y missing data patterns           1
     Number of u missing data patterns           0


COVARIANCE COVERAGE OF DATA

Minimum covariance coverage value   0.100


     PROPORTION OF DATA PRESENT FOR Y


           Covariance Coverage
              Y1            Y2            Y3
              ________      ________      ________
 Y1             1.000
 Y2             1.000         1.000
 Y3             1.000         1.000         1.000



UNIVARIATE SAMPLE STATISTICS


     UNIVARIATE HIGHER-ORDER MOMENT DESCRIPTIVE STATISTICS

         Variable/         Mean/     Skewness/   Minimum/ % with                Percentiles
        Sample Size      Variance    Kurtosis    Maximum  Min/Max      20%/60%    40%/80%    Median

     Y1                   -0.496      -0.206      -4.721    0.05%      -1.881     -0.782     -0.381
            2000.000       2.169      -0.494       4.131    0.05%       0.030      0.807
     Y2                    0.348       0.250      -4.014    0.05%      -0.884     -0.119      0.246
            2000.000       1.954      -0.309       4.803    0.05%       0.622      1.577
     Y3                    1.791      -0.375      -3.220    0.05%       0.202      1.506      2.059
            2000.000       2.630      -0.499       6.152    0.05%       2.473      3.236

RANDOM STARTS RESULTS RANKED FROM THE BEST TO THE WORST LOGLIKELIHOOD VALUES

1 perturbed starting value run(s) did not converge in the initial stage
optimizations.

Final stage loglikelihood values at local maxima, seeds, and initial stage start numbers:

          -10311.628  608496           4
          -10311.628  462953           7
          -10311.628  637345           19
          -10311.628  93468            3
          -10311.628  285380           1
          -10311.628  76974            16
          -10311.628  68985            17
          -10311.628  unperturbed      0



THE BEST LOGLIKELIHOOD VALUE HAS BEEN REPLICATED.  RERUN WITH AT LEAST TWICE THE
RANDOM STARTS TO CHECK THAT THE BEST LOGLIKELIHOOD IS STILL OBTAINED AND REPLICATED.


THE MODEL ESTIMATION TERMINATED NORMALLY



MODEL FIT INFORMATION

Number of Free Parameters                       20

Loglikelihood

          H0 Value                      -10311.628

Information Criteria

          Akaike (AIC)                   20663.257
          Bayesian (BIC)                 20775.275
          Sample-Size Adjusted BIC       20711.734
            (n* = (n + 2) / 24)



FINAL CLASS COUNTS AND PROPORTIONS FOR THE LATENT CLASSES
BASED ON THE ESTIMATED MODEL

    Latent
   Classes

       1        623.84286          0.31192
       2        702.94102          0.35147
       3        673.21612          0.33661


FINAL CLASS COUNTS AND PROPORTIONS FOR THE LATENT CLASSES
BASED ON ESTIMATED POSTERIOR PROBABILITIES

    Latent
   Classes

       1        623.84286          0.31192
       2        702.94102          0.35147
       3        673.21612          0.33661


FINAL CLASS COUNTS AND PROPORTIONS FOR THE LATENT CLASSES
BASED ON THEIR MOST LIKELY LATENT CLASS MEMBERSHIP

Class Counts and Proportions

    Latent
   Classes

       1              626          0.31300
       2              709          0.35450
       3              665          0.33250


CLASSIFICATION QUALITY

     Entropy                         0.785


Average Latent Class Probabilities for Most Likely Latent Class Membership (Row)
by Latent Class (Column)

           1        2        3

    1   0.908    0.046    0.046
    2   0.047    0.904    0.049
    3   0.034    0.049    0.917


Classification Probabilities for the Most Likely Latent Class Membership (Column)
by Latent Class (Row)

           1        2        3

    1   0.911    0.053    0.036
    2   0.041    0.912    0.047
    3   0.043    0.052    0.906


Logits for the Classification Probabilities for the Most Likely Latent Class Membership (Column)
by Latent Class (Row)

              1        2        3

    1      3.228    0.383    0.000
    2     -0.123    2.973    0.000
    3     -3.055   -2.863    0.000


MODEL RESULTS

                                                    Two-Tailed
                    Estimate       S.E.  Est./S.E.    P-Value

Latent Class 1

 Y1       WITH
    Y2                 0.000      0.000    999.000    999.000
    Y3                 0.000      0.000    999.000    999.000

 Y2       WITH
    Y3                 0.000      0.000    999.000    999.000

 Means
    Y1                -2.032      0.054    -37.868      0.000
    Y2                -0.630      0.052    -12.012      0.000
    Y3                 2.649      0.052     51.296      0.000

 Variances
    Y1                 0.971      0.073     13.342      0.000
    Y2                 0.986      0.080     12.315      0.000
    Y3                 0.898      0.074     12.113      0.000

Latent Class 2

 Y1       WITH
    Y2                 0.000      0.000    999.000    999.000
    Y3                 0.000      0.000    999.000    999.000

 Y2       WITH
    Y3                 0.000      0.000    999.000    999.000

 Means
    Y1                -0.087      0.049     -1.789      0.074
    Y2                -0.053      0.046     -1.149      0.250
    Y3                 0.077      0.064      1.198      0.231

 Variances
    Y1                 1.066      0.072     14.826      0.000
    Y2                 0.976      0.066     14.805      0.000
    Y3                 1.132      0.092     12.345      0.000

Latent Class 3

 Y1       WITH
    Y2                 0.000      0.000    999.000    999.000
    Y3                 0.000      0.000    999.000    999.000

 Y2       WITH
    Y3                 0.000      0.000    999.000    999.000

 Means
    Y1                 0.501      0.053      9.401      0.000
    Y2                 1.672      0.052     32.446      0.000
    Y3                 2.787      0.054     51.497      0.000

 Variances
    Y1                 1.077      0.085     12.711      0.000
    Y2                 1.067      0.072     14.716      0.000
    Y3                 1.057      0.082     12.942      0.000

Categorical Latent Variables

 Means
    C#1               -0.076      0.076     -1.008      0.314
    C#2                0.043      0.079      0.546      0.585


QUALITY OF NUMERICAL RESULTS

     Condition Number for the Information Matrix              0.607E-01
       (ratio of smallest to largest eigenvalue)


MODEL COMMAND WITH FINAL ESTIMATES USED AS STARTING VALUES

     %OVERALL%

     [ c#1*-0.07617 ];
     [ c#2*0.04321 ];

     %C#1%

     y1 WITH y2@0;
     y1 WITH y3@0;
     y2 WITH y3@0;

     [ y1*-2.03194 ];
     [ y2*-0.62954 ];
     [ y3*2.64899 ];

     y1*0.97139;
     y2*0.98572;
     y3*0.89781;

     %C#2%

     y1 WITH y2@0;
     y1 WITH y3@0;
     y2 WITH y3@0;

     [ y1*-0.08683 ];
     [ y2*-0.05290 ];
     [ y3*0.07656 ];

     y1*1.06579;
     y2*0.97616;
     y3*1.13221;

     %C#3%

     y1 WITH y2@0;
     y1 WITH y3@0;
     y2 WITH y3@0;

     [ y1*0.50084 ];
     [ y2*1.67171 ];
     [ y3*2.78654 ];

     y1*1.07745;
     y2*1.06651;
     y3*1.05716;



TECHNICAL 1 OUTPUT


     PARAMETER SPECIFICATION FOR LATENT CLASS 1


           NU
              Y1            Y2            Y3
              ________      ________      ________
                    1             2             3


           THETA
              Y1            Y2            Y3
              ________      ________      ________
 Y1                 4
 Y2                 0             5
 Y3                 0             0             6


     PARAMETER SPECIFICATION FOR LATENT CLASS 2


           NU
              Y1            Y2            Y3
              ________      ________      ________
                    7             8             9


           THETA
              Y1            Y2            Y3
              ________      ________      ________
 Y1                10
 Y2                 0            11
 Y3                 0             0            12


     PARAMETER SPECIFICATION FOR LATENT CLASS 3


           NU
              Y1            Y2            Y3
              ________      ________      ________
                   13            14            15


           THETA
              Y1            Y2            Y3
              ________      ________      ________
 Y1                16
 Y2                 0            17
 Y3                 0             0            18


     PARAMETER SPECIFICATION FOR LATENT CLASS REGRESSION MODEL PART


           ALPHA(C)
              C#1           C#2           C#3
              ________      ________      ________
                   19            20             0


     STARTING VALUES FOR LATENT CLASS 1


           NU
              Y1            Y2            Y3
              ________      ________      ________
               -1.969        -1.050         0.169


           THETA
              Y1            Y2            Y3
              ________      ________      ________
 Y1             1.000
 Y2             0.000         0.977
 Y3             0.000         0.000         1.315


     STARTING VALUES FOR LATENT CLASS 2


           NU
              Y1            Y2            Y3
              ________      ________      ________
               -0.496         0.348         1.791


           THETA
              Y1            Y2            Y3
              ________      ________      ________
 Y1             1.000
 Y2             0.000         0.977
 Y3             0.000         0.000         1.315


     STARTING VALUES FOR LATENT CLASS 3


           NU
              Y1            Y2            Y3
              ________      ________      ________
                0.977         1.746         3.413


           THETA
              Y1            Y2            Y3
              ________      ________      ________
 Y1             1.000
 Y2             0.000         0.977
 Y3             0.000         0.000         1.315


     STARTING VALUES FOR LATENT CLASS REGRESSION MODEL PART


           ALPHA(C)
              C#1           C#2           C#3
              ________      ________      ________
                0.000         0.000         0.000


SAVEDATA INFORMATION


  Save file
    cprob dfcom p1 z1 rep1.dat

  Order and format of variables

    Y1             F10.6
    Y2             F10.6
    Y3             F10.6
    SUBPOP         F10.6
    CPROB1         F10.6
    CPROB2         F10.6
    CPROB3         F10.6
    C              F10.6

  Save file format
    8F10.6

  Save file record length    10000


     Beginning Time:  18:35:45
        Ending Time:  18:35:46
       Elapsed Time:  00:00:01



MUTHEN & MUTHEN
3463 Stoner Ave.
Los Angeles, CA  90066

Tel: (310) 391-9971
Fax: (310) 391-8971
Web: www.StatModel.com
Support: Support@StatModel.com

Copyright (c) 1998-2017 Muthen & Muthen
